From /home/hyejin.won.conda/anaconda3/envs/DLCourse/lib/python3.7/site-packages/tensorflow_core/python/ops/resource_variable_ops.py:1630: calling BaseResourceVariable.__init__ (from tensorflow.python.ops.resource_variable_ops) with constraint is deprecated and will be removed in a future version.
Instructions for updating:
If using Keras pass *_constraint arguments to layers.
From /home/hyejin.won.conda/anaconda3/envs/DLCourse/lib/python3.7/site-packages/keras/backend/tensorflow_backend.py:422: The name tf.global_variables is deprecated. Please use tf.compat.v1.global_variables instead.

[005930][Episode 0/100] Epsilon:0.4950 #Buy:533 #Sell:530 #Hold:995 #Stocks:267.0 PV:62,586,642 Reward:24589.922 Loss:22356.473 
[005930][Episode 1/100] Epsilon:0.4900 #Buy:829 #Sell:686 #Hold:543 #Stocks:541.0 PV:120,384,665 Reward:181391.038 Loss:561.496 
[005930][Episode 2/100] Epsilon:0.4850 #Buy:524 #Sell:455 #Hold:1079 #Stocks:2864.0 PV:154,103,519 Reward:243599.996 Loss:266.102 
[005930][Episode 3/100] Epsilon:0.4800 #Buy:583 #Sell:518 #Hold:957 #Stocks:2041.0 PV:108,184,835 Reward:131737.659 Loss:52.931 
[005930][Episode 4/100] Epsilon:0.4750 #Buy:601 #Sell:524 #Hold:933 #Stocks:2171.0 PV:123,622,700 Reward:170288.923 Loss:50.694 
[005930][Episode 5/100] Epsilon:0.4700 #Buy:332 #Sell:267 #Hold:1459 #Stocks:2802.0 PV:148,506,146 Reward:229115.609 Loss:271.676 
[005930][Episode 6/100] Epsilon:0.4650 #Buy:232 #Sell:168 #Hold:1658 #Stocks:3054.0 PV:163,987,161 Reward:266893.318 Loss:94.909 
[005930][Episode 7/100] Epsilon:0.4600 #Buy:325 #Sell:260 #Hold:1473 #Stocks:3076.0 PV:163,056,730 Reward:264490.449 Loss:114.843 
[005930][Episode 8/100] Epsilon:0.4550 #Buy:97 #Sell:28 #Hold:1933 #Stocks:3119.0 PV:165,331,004 Reward:269981.341 Loss:50.748 
[005930][Episode 9/100] Epsilon:0.4500 #Buy:356 #Sell:295 #Hold:1407 #Stocks:3083.0 PV:163,443,096 Reward:265450.433 Loss:69.224 
[005930][Episode 10/100] Epsilon:0.4450 #Buy:661 #Sell:600 #Hold:797 #Stocks:2678.0 PV:141,942,353 Reward:213727.026 Loss:95.441 
[005930][Episode 11/100] Epsilon:0.4400 #Buy:472 #Sell:431 #Hold:1155 #Stocks:1563.0 PV:145,256,023 Reward:230933.461 Loss:56.614 
[005930][Episode 12/100] Epsilon:0.4350 #Buy:557 #Sell:500 #Hold:1001 #Stocks:2579.0 PV:136,730,919 Reward:200606.381 Loss:297.129 
[005930][Episode 13/100] Epsilon:0.4300 #Buy:505 #Sell:456 #Hold:1097 #Stocks:2103.0 PV:111,498,075 Reward:139885.520 Loss:20.947 
[005930][Episode 14/100] Epsilon:0.4250 #Buy:641 #Sell:620 #Hold:797 #Stocks:650.0 PV:144,643,902 Reward:244602.712 Loss:52.484 
[005930][Episode 15/100] Epsilon:0.4200 #Buy:383 #Sell:324 #Hold:1351 #Stocks:2606.0 PV:138,156,402 Reward:204367.516 Loss:40.735 
[005930][Episode 16/100] Epsilon:0.4150 #Buy:523 #Sell:474 #Hold:1061 #Stocks:1947.0 PV:103,204,778 Reward:119601.073 Loss:14.865 
[005930][Episode 17/100] Epsilon:0.4100 #Buy:558 #Sell:548 #Hold:952 #Stocks:0.0 PV:131,956,061 Reward:213739.438 Loss:4069.804 
[005930][Episode 18/100] Epsilon:0.4050 #Buy:569 #Sell:521 #Hold:968 #Stocks:1559.0 PV:82,645,713 Reward:69255.890 Loss:11.970 
[005930][Episode 19/100] Epsilon:0.4000 #Buy:408 #Sell:355 #Hold:1295 #Stocks:2250.0 PV:119,274,968 Reward:158422.562 Loss:25.653 
[005930][Episode 20/100] Epsilon:0.3950 #Buy:262 #Sell:205 #Hold:1591 #Stocks:2471.0 PV:130,965,767 Reward:186696.855 Loss:24.868 
[005930][Episode 21/100] Epsilon:0.3900 #Buy:501 #Sell:485 #Hold:1072 #Stocks:335.0 PV:136,702,813 Reward:225089.050 Loss:46.955 
[005930][Episode 22/100] Epsilon:0.3850 #Buy:580 #Sell:542 #Hold:936 #Stocks:1643.0 PV:87,118,949 Reward:80897.026 Loss:7.401 
[005930][Episode 23/100] Epsilon:0.3800 #Buy:283 #Sell:221 #Hold:1554 #Stocks:2670.0 PV:141,532,910 Reward:212062.410 Loss:486.959 
[005930][Episode 24/100] Epsilon:0.3750 #Buy:321 #Sell:261 #Hold:1476 #Stocks:2417.0 PV:128,112,855 Reward:179647.645 Loss:32.141 
[005930][Episode 25/100] Epsilon:0.3700 #Buy:501 #Sell:468 #Hold:1089 #Stocks:1294.0 PV:68,622,596 Reward:36442.601 Loss:17.619 
[005930][Episode 26/100] Epsilon:0.3650 #Buy:219 #Sell:157 #Hold:1682 #Stocks:2511.0 PV:133,113,183 Reward:191812.174 Loss:17.437 
[005930][Episode 27/100] Epsilon:0.3600 #Buy:329 #Sell:263 #Hold:1466 #Stocks:2609.0 PV:138,284,388 Reward:204454.780 Loss:2374.629 
[005930][Episode 28/100] Epsilon:0.3550 #Buy:308 #Sell:249 #Hold:1501 #Stocks:2437.0 PV:129,167,124 Reward:182315.374 Loss:33.931 
[005930][Episode 29/100] Epsilon:0.3500 #Buy:472 #Sell:419 #Hold:1167 #Stocks:2532.0 PV:154,367,706 Reward:244556.941 Loss:72.473 
[005930][Episode 30/100] Epsilon:0.3450 #Buy:431 #Sell:386 #Hold:1241 #Stocks:1527.0 PV:80,931,318 Reward:66168.355 Loss:8.469 
[005930][Episode 31/100] Epsilon:0.3400 #Buy:386 #Sell:337 #Hold:1335 #Stocks:2541.0 PV:149,920,813 Reward:233530.346 Loss:60.225 
[005930][Episode 32/100] Epsilon:0.3350 #Buy:338 #Sell:262 #Hold:1458 #Stocks:3205.0 PV:169,873,421 Reward:280937.531 Loss:62.219 
[005930][Episode 33/100] Epsilon:0.3300 #Buy:439 #Sell:370 #Hold:1249 #Stocks:3182.0 PV:201,891,056 Reward:362486.740 Loss:2112.167 
[005930][Episode 34/100] Epsilon:0.3250 #Buy:281 #Sell:210 #Hold:1567 #Stocks:3059.0 PV:162,127,135 Reward:262289.963 Loss:55.172 
[005930][Episode 35/100] Epsilon:0.3200 #Buy:180 #Sell:120 #Hold:1758 #Stocks:2625.0 PV:139,154,815 Reward:206412.716 Loss:2.672 
[005930][Episode 36/100] Epsilon:0.3150 #Buy:545 #Sell:484 #Hold:1029 #Stocks:2530.0 PV:134,134,226 Reward:194973.336 Loss:40.130 
[005930][Episode 37/100] Epsilon:0.3100 #Buy:266 #Sell:196 #Hold:1596 #Stocks:3221.0 PV:170,755,253 Reward:282947.154 Loss:46.273 
[005930][Episode 38/100] Epsilon:0.3050 #Buy:114 #Sell:47 #Hold:1897 #Stocks:3106.0 PV:164,652,953 Reward:268339.180 Loss:741.108 
[005930][Episode 39/100] Epsilon:0.3000 #Buy:283 #Sell:215 #Hold:1560 #Stocks:3016.0 PV:159,860,552 Reward:256973.680 Loss:62.598 
[005930][Episode 40/100] Epsilon:0.2950 #Buy:426 #Sell:408 #Hold:1224 #Stocks:383.0 PV:128,924,098 Reward:199798.246 Loss:46.931 
[005930][Episode 41/100] Epsilon:0.2900 #Buy:392 #Sell:381 #Hold:1285 #Stocks:0.0 PV:66,246,248 Reward:42792.957 Loss:6.000 
[005930][Episode 42/100] Epsilon:0.2850 #Buy:492 #Sell:470 #Hold:1096 #Stocks:920.0 PV:53,616,953 Reward:198.995 Loss:2.732 
[005930][Episode 43/100] Epsilon:0.2800 #Buy:497 #Sell:469 #Hold:1092 #Stocks:845.0 PV:98,842,646 Reward:124814.975 Loss:85717.572 
[005930][Episode 44/100] Epsilon:0.2750 #Buy:403 #Sell:377 #Hold:1278 #Stocks:2246.0 PV:142,835,078 Reward:217614.849 Loss:603.505 
[005930][Episode 45/100] Epsilon:0.2700 #Buy:342 #Sell:300 #Hold:1416 #Stocks:2568.0 PV:136,129,670 Reward:199542.966 Loss:358.773 
[005930][Episode 46/100] Epsilon:0.2650 #Buy:396 #Sell:307 #Hold:1355 #Stocks:3028.0 PV:160,507,751 Reward:258307.885 Loss:46.155 
[005930][Episode 47/100] Epsilon:0.2600 #Buy:285 #Sell:237 #Hold:1536 #Stocks:1823.0 PV:96,651,288 Reward:103771.080 Loss:24.676 
[005930][Episode 48/100] Epsilon:0.2550 #Buy:353 #Sell:332 #Hold:1373 #Stocks:48.0 PV:132,120,991 Reward:214275.595 Loss:1975.400 
[005930][Episode 49/100] Epsilon:0.2500 #Buy:363 #Sell:362 #Hold:1333 #Stocks:0.0 PV:58,623,106 Reward:22669.907 Loss:11.295 
[005930][Episode 50/100] Epsilon:0.2450 #Buy:234 #Sell:229 #Hold:1595 #Stocks:0.0 PV:129,500,890 Reward:207475.575 Loss:38.776 
[005930][Episode 51/100] Epsilon:0.2400 #Buy:314 #Sell:248 #Hold:1496 #Stocks:3149.0 PV:166,945,053 Reward:273841.700 Loss:66.474 
[005930][Episode 52/100] Epsilon:0.2350 #Buy:457 #Sell:452 #Hold:1149 #Stocks:0.0 PV:91,861,766 Reward:109569.821 Loss:12.413 
[005930][Episode 53/100] Epsilon:0.2300 #Buy:143 #Sell:83 #Hold:1832 #Stocks:2979.0 PV:157,904,444 Reward:251947.832 Loss:2140.748 
[005930][Episode 54/100] Epsilon:0.2250 #Buy:323 #Sell:258 #Hold:1477 #Stocks:2650.0 PV:142,676,781 Reward:215337.039 Loss:68.032 
[005930][Episode 55/100] Epsilon:0.2200 #Buy:280 #Sell:270 #Hold:1508 #Stocks:36.0 PV:92,515,482 Reward:111187.831 Loss:21.404 
[005930][Episode 56/100] Epsilon:0.2150 #Buy:292 #Sell:247 #Hold:1519 #Stocks:1841.0 PV:97,616,061 Reward:106466.594 Loss:13.956 
[005930][Episode 57/100] Epsilon:0.2100 #Buy:102 #Sell:35 #Hold:1921 #Stocks:3182.0 PV:168,659,685 Reward:278079.312 Loss:44.512 
[005930][Episode 58/100] Epsilon:0.2050 #Buy:367 #Sell:299 #Hold:1392 #Stocks:3120.0 PV:165,386,410 Reward:270064.797 Loss:70.315 
[005930][Episode 59/100] Epsilon:0.2000 #Buy:367 #Sell:323 #Hold:1368 #Stocks:0.0 PV:123,497,815 Reward:192001.659 Loss:247793.863 
[005930][Episode 60/100] Epsilon:0.1950 #Buy:206 #Sell:152 #Hold:1700 #Stocks:1953.0 PV:103,548,672 Reward:120034.173 Loss:365.861 
[005930][Episode 61/100] Epsilon:0.1900 #Buy:445 #Sell:399 #Hold:1214 #Stocks:2789.0 PV:150,614,856 Reward:234437.711 Loss:143.813 
[005930][Episode 62/100] Epsilon:0.1850 #Buy:375 #Sell:366 #Hold:1317 #Stocks:539.0 PV:86,515,222 Reward:93754.287 Loss:21.137 
[005930][Episode 63/100] Epsilon:0.1800 #Buy:182 #Sell:181 #Hold:1695 #Stocks:91.0 PV:98,047,328 Reward:125269.903 Loss:15.440 
[005930][Episode 64/100] Epsilon:0.1750 #Buy:250 #Sell:197 #Hold:1611 #Stocks:2486.0 PV:131,772,595 Reward:188593.475 Loss:6628.263 
[005930][Episode 65/100] Epsilon:0.1700 #Buy:383 #Sell:343 #Hold:1332 #Stocks:1330.0 PV:70,533,781 Reward:40205.970 Loss:99.135 
[005930][Episode 66/100] Epsilon:0.1650 #Buy:163 #Sell:113 #Hold:1782 #Stocks:2342.0 PV:124,140,755 Reward:170038.868 Loss:31.400 
[005930][Episode 67/100] Epsilon:0.1600 #Buy:300 #Sell:264 #Hold:1494 #Stocks:1682.0 PV:89,174,736 Reward:85574.221 Loss:10.282 
[005930][Episode 68/100] Epsilon:0.1550 #Buy:260 #Sell:220 #Hold:1578 #Stocks:1687.0 PV:89,451,757 Reward:86277.548 Loss:12.844 
[005930][Episode 69/100] Epsilon:0.1500 #Buy:115 #Sell:58 #Hold:1885 #Stocks:2647.0 PV:140,291,233 Reward:209223.532 Loss:30.258 
[005930][Episode 70/100] Epsilon:0.1450 #Buy:284 #Sell:235 #Hold:1539 #Stocks:2299.0 PV:121,889,678 Reward:164785.371 Loss:19.346 
[005930][Episode 71/100] Epsilon:0.1400 #Buy:305 #Sell:281 #Hold:1472 #Stocks:0.0 PV:73,689,740 Reward:61969.662 Loss:6529.884 
[005930][Episode 72/100] Epsilon:0.1350 #Buy:333 #Sell:257 #Hold:1468 #Stocks:2639.0 PV:139,881,429 Reward:208189.589 Loss:17.748 
[005930][Episode 73/100] Epsilon:0.1300 #Buy:303 #Sell:306 #Hold:1449 #Stocks:0.0 PV:77,081,673 Reward:71750.548 Loss:9.666 
[005930][Episode 74/100] Epsilon:0.1250 #Buy:314 #Sell:304 #Hold:1440 #Stocks:493.0 PV:107,863,039 Reward:149737.012 Loss:929.427 
[005930][Episode 75/100] Epsilon:0.1200 #Buy:165 #Sell:113 #Hold:1780 #Stocks:2454.0 PV:130,073,948 Reward:184381.841 Loss:24.780 
[005930][Episode 76/100] Epsilon:0.1150 #Buy:307 #Sell:268 #Hold:1483 #Stocks:1712.0 PV:90,756,783 Reward:89340.718 Loss:2.783 
[005930][Episode 77/100] Epsilon:0.1100 #Buy:295 #Sell:255 #Hold:1508 #Stocks:1820.0 PV:122,122,687 Reward:167017.319 Loss:43.817 
[005930][Episode 78/100] Epsilon:0.1050 #Buy:235 #Sell:189 #Hold:1634 #Stocks:2391.0 PV:126,725,626 Reward:176639.328 Loss:26.449 
[005930][Episode 79/100] Epsilon:0.1000 #Buy:209 #Sell:157 #Hold:1692 #Stocks:2632.0 PV:139,517,374 Reward:207282.851 Loss:23.554 
[005930][Episode 80/100] Epsilon:0.0950 #Buy:217 #Sell:167 #Hold:1674 #Stocks:2501.0 PV:132,574,959 Reward:190693.660 Loss:246.898 
[005930][Episode 81/100] Epsilon:0.0900 #Buy:268 #Sell:234 #Hold:1556 #Stocks:1667.0 PV:88,395,355 Reward:83565.571 Loss:7.128 
[005930][Episode 82/100] Epsilon:0.0850 #Buy:103 #Sell:45 #Hold:1910 #Stocks:2657.0 PV:140,855,073 Reward:210542.324 Loss:17.306 
[005930][Episode 83/100] Epsilon:0.0800 #Buy:244 #Sell:195 #Hold:1619 #Stocks:2245.0 PV:118,996,892 Reward:157812.939 Loss:17.070 
[005930][Episode 84/100] Epsilon:0.0750 #Buy:169 #Sell:121 #Hold:1768 #Stocks:2417.0 PV:128,112,571 Reward:179791.378 Loss:21.146 
[005930][Episode 85/100] Epsilon:0.0700 #Buy:77 #Sell:22 #Hold:1959 #Stocks:2696.0 PV:142,925,734 Reward:215571.813 Loss:923.320 
[005930][Episode 86/100] Epsilon:0.0650 #Buy:187 #Sell:139 #Hold:1732 #Stocks:2117.0 PV:112,213,828 Reward:141043.962 Loss:28.886 
[005930][Episode 87/100] Epsilon:0.0600 #Buy:97 #Sell:47 #Hold:1914 #Stocks:2456.0 PV:130,211,475 Reward:184724.877 Loss:1.407 
[005930][Episode 88/100] Epsilon:0.0550 #Buy:235 #Sell:187 #Hold:1636 #Stocks:2238.0 PV:118,650,940 Reward:156652.873 Loss:25.199 
[005930][Episode 89/100] Epsilon:0.0500 #Buy:87 #Sell:26 #Hold:1945 #Stocks:2934.0 PV:155,527,620 Reward:246172.813 Loss:17.838 
[005930][Episode 90/100] Epsilon:0.0450 #Buy:79 #Sell:25 #Hold:1954 #Stocks:2654.0 PV:140,699,703 Reward:210196.776 Loss:1312.108 
[005930][Episode 91/100] Epsilon:0.0400 #Buy:193 #Sell:140 #Hold:1725 #Stocks:2536.0 PV:134,437,677 Reward:194948.834 Loss:2.397 
[005930][Episode 92/100] Epsilon:0.0350 #Buy:113 #Sell:62 #Hold:1883 #Stocks:2355.0 PV:124,836,663 Reward:171659.256 Loss:0.458 
[005930][Episode 93/100] Epsilon:0.0300 #Buy:106 #Sell:48 #Hold:1904 #Stocks:2588.0 PV:137,209,688 Reward:201631.141 Loss:34.931 
[005930][Episode 94/100] Epsilon:0.0250 #Buy:79 #Sell:24 #Hold:1955 #Stocks:2721.0 PV:144,227,663 Reward:218728.663 Loss:9.092 
[005930][Episode 95/100] Epsilon:0.0200 #Buy:70 #Sell:15 #Hold:1973 #Stocks:2719.0 PV:144,110,941 Reward:218444.068 Loss:8.964 
[005930][Episode 96/100] Epsilon:0.0150 #Buy:103 #Sell:44 #Hold:1911 #Stocks:2996.0 PV:158,792,199 Reward:254099.044 Loss:427.438 
[005930][Episode 97/100] Epsilon:0.0100 #Buy:81 #Sell:16 #Hold:1961 #Stocks:3147.0 PV:166,792,314 Reward:273526.682 Loss:10.839 
[005930][Episode 98/100] Epsilon:0.0050 #Buy:160 #Sell:107 #Hold:1791 #Stocks:2517.0 PV:133,413,269 Reward:192457.835 Loss:1.779 
[005930][Episode 99/100] Epsilon:0.0001 #Buy:59 #Sell:5 #Hold:1994 #Stocks:2735.0 PV:144,967,102 Reward:220524.284 Loss:1.475 
[005930] Max PV:201,891,056
EPISODES Finished. Model saved
