From /home/hyejin.won.conda/anaconda3/envs/DLCourse/lib/python3.7/site-packages/tensorflow_core/python/ops/resource_variable_ops.py:1630: calling BaseResourceVariable.__init__ (from tensorflow.python.ops.resource_variable_ops) with constraint is deprecated and will be removed in a future version.
Instructions for updating:
If using Keras pass *_constraint arguments to layers.
From /home/hyejin.won.conda/anaconda3/envs/DLCourse/lib/python3.7/site-packages/keras/backend/tensorflow_backend.py:422: The name tf.global_variables is deprecated. Please use tf.compat.v1.global_variables instead.

[005930][Episode 0/100] Epsilon:0.6930 #Buy:1923 #Sell:1791 #Hold:715 #Stocks:1568.0 PV:180,711,687 Reward:708422.055 Loss:60541.489 
[005930][Episode 1/100] Epsilon:0.6860 #Buy:1861 #Sell:1769 #Hold:799 #Stocks:750.0 PV:113,976,956 Reward:337841.777 Loss:187.449 
[005930][Episode 2/100] Epsilon:0.6790 #Buy:1877 #Sell:1849 #Hold:703 #Stocks:556.0 PV:130,298,267 Reward:445182.255 Loss:327.183 
[005930][Episode 3/100] Epsilon:0.6720 #Buy:1601 #Sell:1426 #Hold:1402 #Stocks:3687.0 PV:195,450,662 Reward:737113.194 Loss:276.195 
[005930][Episode 4/100] Epsilon:0.6650 #Buy:1328 #Sell:1159 #Hold:1942 #Stocks:4824.0 PV:255,676,012 Reward:1049059.419 Loss:542.062 
[005930][Episode 5/100] Epsilon:0.6580 #Buy:1652 #Sell:1567 #Hold:1210 #Stocks:2815.0 PV:151,106,232 Reward:507365.454 Loss:405.260 
[005930][Episode 6/100] Epsilon:0.6510 #Buy:1560 #Sell:1508 #Hold:1361 #Stocks:1687.0 PV:93,773,992 Reward:208807.200 Loss:29.101 
[005930][Episode 7/100] Epsilon:0.6440 #Buy:1113 #Sell:934 #Hold:2382 #Stocks:5805.0 PV:307,681,910 Reward:1320314.733 Loss:1087.116 
[005930][Episode 8/100] Epsilon:0.6370 #Buy:1674 #Sell:1620 #Hold:1135 #Stocks:3205.0 PV:172,240,748 Reward:616900.609 Loss:808.103 
[005930][Episode 9/100] Epsilon:0.6300 #Buy:1260 #Sell:867 #Hold:2302 #Stocks:10503.0 PV:556,682,911 Reward:2617825.283 Loss:2657.807 
[005930][Episode 10/100] Epsilon:0.6230 #Buy:1760 #Sell:1679 #Hold:990 #Stocks:2561.0 PV:205,628,036 Reward:812528.491 Loss:1040.447 
[005930][Episode 11/100] Epsilon:0.6160 #Buy:1746 #Sell:1298 #Hold:1385 #Stocks:8274.0 PV:438,552,297 Reward:2003439.562 Loss:1734.001 
[005930][Episode 12/100] Epsilon:0.6090 #Buy:1334 #Sell:1121 #Hold:1974 #Stocks:5317.0 PV:281,830,565 Reward:1186557.244 Loss:5569.653 
[005930][Episode 13/100] Epsilon:0.6020 #Buy:1422 #Sell:1306 #Hold:1701 #Stocks:2675.0 PV:143,353,141 Reward:466385.319 Loss:212.117 
[005930][Episode 14/100] Epsilon:0.5950 #Buy:1502 #Sell:1473 #Hold:1454 #Stocks:434.0 PV:150,754,143 Reward:549160.306 Loss:2701.773 
[005930][Episode 15/100] Epsilon:0.5880 #Buy:1399 #Sell:1255 #Hold:1775 #Stocks:3352.0 PV:317,233,900 Reward:1422285.963 Loss:1074.465 
[005930][Episode 16/100] Epsilon:0.5810 #Buy:1487 #Sell:1381 #Hold:1561 #Stocks:1291.0 PV:157,218,625 Reward:574421.967 Loss:193.835 
[005930][Episode 17/100] Epsilon:0.5740 #Buy:1235 #Sell:968 #Hold:2226 #Stocks:7394.0 PV:391,919,265 Reward:1759297.364 Loss:1836.702 
[005930][Episode 18/100] Epsilon:0.5670 #Buy:965 #Sell:680 #Hold:2784 #Stocks:6263.0 PV:331,954,214 Reward:1446682.915 Loss:1340.995 
[005930][Episode 19/100] Epsilon:0.5600 #Buy:538 #Sell:272 #Hold:3619 #Stocks:6190.0 PV:328,077,310 Reward:1426620.765 Loss:1584.169 
[005930][Episode 20/100] Epsilon:0.5530 #Buy:1421 #Sell:1331 #Hold:1677 #Stocks:4624.0 PV:245,101,865 Reward:994988.610 Loss:471.447 
[005930][Episode 21/100] Epsilon:0.5460 #Buy:1513 #Sell:1342 #Hold:1574 #Stocks:3522.0 PV:186,711,225 Reward:696427.916 Loss:525.362 
[005930][Episode 22/100] Epsilon:0.5390 #Buy:731 #Sell:440 #Hold:3258 #Stocks:4989.0 PV:264,433,635 Reward:1095047.410 Loss:47.516 
[005930][Episode 23/100] Epsilon:0.5320 #Buy:770 #Sell:525 #Hold:3134 #Stocks:7035.0 PV:372,895,784 Reward:1660217.191 Loss:1694.255 
[005930][Episode 24/100] Epsilon:0.5250 #Buy:977 #Sell:770 #Hold:2682 #Stocks:5726.0 PV:305,340,032 Reward:1309025.800 Loss:907.779 
[005930][Episode 25/100] Epsilon:0.5180 #Buy:1755 #Sell:1672 #Hold:1002 #Stocks:4013.0 PV:212,693,021 Reward:833886.686 Loss:340.252 
[005930][Episode 26/100] Epsilon:0.5110 #Buy:1809 #Sell:1486 #Hold:1134 #Stocks:2839.0 PV:330,438,734 Reward:1501659.175 Loss:5565.290 
[005930][Episode 27/100] Epsilon:0.5040 #Buy:1378 #Sell:1214 #Hold:1837 #Stocks:3019.0 PV:241,616,988 Reward:1007552.946 Loss:492.158 
[005930][Episode 28/100] Epsilon:0.4970 #Buy:1232 #Sell:937 #Hold:2260 #Stocks:8881.0 PV:470,728,836 Reward:2170212.723 Loss:1979.620 
[005930][Episode 29/100] Epsilon:0.4900 #Buy:462 #Sell:281 #Hold:3686 #Stocks:6433.0 PV:340,982,268 Reward:1493783.621 Loss:1413.220 
[005930][Episode 30/100] Epsilon:0.4830 #Buy:626 #Sell:457 #Hold:3346 #Stocks:6186.0 PV:327,880,460 Reward:1425498.082 Loss:599.843 
[005930][Episode 31/100] Epsilon:0.4760 #Buy:1671 #Sell:1590 #Hold:1168 #Stocks:1080.0 PV:149,481,928 Reward:545152.662 Loss:10803.768 
[005930][Episode 32/100] Epsilon:0.4690 #Buy:754 #Sell:549 #Hold:3126 #Stocks:3772.0 PV:199,945,877 Reward:759181.302 Loss:93.570 
[005930][Episode 33/100] Epsilon:0.4620 #Buy:819 #Sell:654 #Hold:2956 #Stocks:6797.0 PV:360,259,466 Reward:1594698.401 Loss:1220.306 
[005930][Episode 34/100] Epsilon:0.4550 #Buy:461 #Sell:252 #Hold:3716 #Stocks:7380.0 PV:391,157,622 Reward:1755271.694 Loss:1479.926 
[005930][Episode 35/100] Epsilon:0.4480 #Buy:1113 #Sell:1019 #Hold:2297 #Stocks:3310.0 PV:175,458,277 Reward:633115.445 Loss:199.509 
[005930][Episode 36/100] Epsilon:0.4410 #Buy:803 #Sell:518 #Hold:3108 #Stocks:6995.0 PV:370,763,739 Reward:1650358.313 Loss:3858.637 
[005930][Episode 37/100] Epsilon:0.4340 #Buy:1365 #Sell:1315 #Hold:1749 #Stocks:0.0 PV:146,595,339 Reward:542071.121 Loss:217.295 
[005930][Episode 38/100] Epsilon:0.4270 #Buy:1409 #Sell:1400 #Hold:1620 #Stocks:1348.0 PV:178,474,481 Reward:687350.099 Loss:1215.728 
[005930][Episode 39/100] Epsilon:0.4200 #Buy:1190 #Sell:1065 #Hold:2174 #Stocks:2557.0 PV:135,546,321 Reward:424310.508 Loss:89.104 
[005930][Episode 40/100] Epsilon:0.4130 #Buy:451 #Sell:304 #Hold:3674 #Stocks:6632.0 PV:351,503,235 Reward:1548647.546 Loss:199.301 
[005930][Episode 41/100] Epsilon:0.4060 #Buy:855 #Sell:684 #Hold:2890 #Stocks:6743.0 PV:357,380,671 Reward:1579469.172 Loss:1430.832 
[005930][Episode 42/100] Epsilon:0.3990 #Buy:1246 #Sell:1132 #Hold:2051 #Stocks:4618.0 PV:244,785,595 Reward:994290.991 Loss:453.851 
[005930][Episode 43/100] Epsilon:0.3920 #Buy:1287 #Sell:1205 #Hold:1937 #Stocks:4269.0 PV:226,296,030 Reward:897644.549 Loss:880.954 
[005930][Episode 44/100] Epsilon:0.3850 #Buy:590 #Sell:443 #Hold:3396 #Stocks:5558.0 PV:294,600,166 Reward:1252373.035 Loss:998.321 
[005930][Episode 45/100] Epsilon:0.3780 #Buy:970 #Sell:871 #Hold:2588 #Stocks:3903.0 PV:206,877,840 Reward:795928.432 Loss:264.646 
[005930][Episode 46/100] Epsilon:0.3710 #Buy:1396 #Sell:1392 #Hold:1641 #Stocks:661.0 PV:171,119,151 Reward:672959.597 Loss:204.720 
[005930][Episode 47/100] Epsilon:0.3640 #Buy:549 #Sell:391 #Hold:3489 #Stocks:6507.0 PV:344,896,687 Reward:1514335.158 Loss:1231.872 
[005930][Episode 48/100] Epsilon:0.3570 #Buy:486 #Sell:358 #Hold:3585 #Stocks:5999.0 PV:317,995,730 Reward:1374256.730 Loss:794.878 
[005930][Episode 49/100] Epsilon:0.3500 #Buy:662 #Sell:489 #Hold:3278 #Stocks:7339.0 PV:389,002,079 Reward:1744014.875 Loss:1943.525 
[005930][Episode 50/100] Epsilon:0.3430 #Buy:904 #Sell:774 #Hold:2751 #Stocks:6524.0 PV:345,817,303 Reward:1519607.542 Loss:911.592 
[005930][Episode 51/100] Epsilon:0.3360 #Buy:1126 #Sell:876 #Hold:2427 #Stocks:7004.0 PV:409,816,401 Reward:1857935.527 Loss:17630.223 
[005930][Episode 52/100] Epsilon:0.3290 #Buy:972 #Sell:775 #Hold:2682 #Stocks:7646.0 PV:405,285,262 Reward:1829273.461 Loss:1448.419 
[005930][Episode 53/100] Epsilon:0.3220 #Buy:717 #Sell:557 #Hold:3155 #Stocks:6759.0 PV:366,082,536 Reward:1626689.599 Loss:5947.139 
[005930][Episode 54/100] Epsilon:0.3150 #Buy:310 #Sell:153 #Hold:3966 #Stocks:10298.0 PV:545,805,581 Reward:2561112.579 Loss:1795.797 
[005930][Episode 55/100] Epsilon:0.3080 #Buy:1122 #Sell:1006 #Hold:2301 #Stocks:5004.0 PV:266,943,641 Reward:1109216.139 Loss:1149.250 
[005930][Episode 56/100] Epsilon:0.3010 #Buy:938 #Sell:785 #Hold:2706 #Stocks:7957.0 PV:421,721,780 Reward:1914557.324 Loss:1625.842 
[005930][Episode 57/100] Epsilon:0.2940 #Buy:970 #Sell:904 #Hold:2555 #Stocks:2698.0 PV:322,269,423 Reward:1472926.093 Loss:1353.546 
[005930][Episode 58/100] Epsilon:0.2870 #Buy:1033 #Sell:978 #Hold:2418 #Stocks:2889.0 PV:223,434,295 Reward:912887.553 Loss:779.290 
[005930][Episode 59/100] Epsilon:0.2800 #Buy:847 #Sell:702 #Hold:2880 #Stocks:5574.0 PV:295,423,680 Reward:1256728.482 Loss:635.302 
[005930][Episode 60/100] Epsilon:0.2730 #Buy:1099 #Sell:1009 #Hold:2321 #Stocks:5365.0 PV:330,272,804 Reward:1458118.709 Loss:1022.259 
[005930][Episode 61/100] Epsilon:0.2660 #Buy:795 #Sell:689 #Hold:2945 #Stocks:5226.0 PV:276,998,944 Reward:1160748.346 Loss:1036.244 
[005930][Episode 62/100] Epsilon:0.2590 #Buy:1236 #Sell:1119 #Hold:2074 #Stocks:4275.0 PV:226,623,206 Reward:898883.686 Loss:432.840 
[005930][Episode 63/100] Epsilon:0.2520 #Buy:346 #Sell:196 #Hold:3887 #Stocks:7129.0 PV:377,858,245 Reward:1685970.978 Loss:2181.669 
[005930][Episode 64/100] Epsilon:0.2450 #Buy:306 #Sell:169 #Hold:3954 #Stocks:10019.0 PV:531,016,988 Reward:2484124.961 Loss:2292.972 
[005930][Episode 65/100] Epsilon:0.2380 #Buy:365 #Sell:224 #Hold:3840 #Stocks:6691.0 PV:354,633,437 Reward:1564959.569 Loss:1596.666 
[005930][Episode 66/100] Epsilon:0.2310 #Buy:634 #Sell:514 #Hold:3281 #Stocks:5635.0 PV:298,666,476 Reward:1273289.349 Loss:606.302 
[005930][Episode 67/100] Epsilon:0.2240 #Buy:262 #Sell:118 #Hold:4049 #Stocks:7174.0 PV:380,238,387 Reward:1698374.521 Loss:1572.131 
[005930][Episode 68/100] Epsilon:0.2170 #Buy:616 #Sell:443 #Hold:3370 #Stocks:10490.0 PV:555,973,982 Reward:2614189.046 Loss:2676.426 
[005930][Episode 69/100] Epsilon:0.2100 #Buy:635 #Sell:497 #Hold:3297 #Stocks:5852.0 PV:310,179,100 Reward:1333427.634 Loss:537.447 
[005930][Episode 70/100] Epsilon:0.2030 #Buy:881 #Sell:790 #Hold:2758 #Stocks:5755.0 PV:305,024,716 Reward:1311890.296 Loss:27480.502 
[005930][Episode 71/100] Epsilon:0.1960 #Buy:639 #Sell:506 #Hold:3284 #Stocks:7827.0 PV:414,869,537 Reward:1878851.603 Loss:1619.168 
[005930][Episode 72/100] Epsilon:0.1890 #Buy:1153 #Sell:1049 #Hold:2227 #Stocks:5114.0 PV:271,044,656 Reward:1129455.237 Loss:593.846 
[005930][Episode 73/100] Epsilon:0.1820 #Buy:963 #Sell:835 #Hold:2631 #Stocks:6250.0 PV:331,264,541 Reward:1443365.959 Loss:872.336 
[005930][Episode 74/100] Epsilon:0.1750 #Buy:452 #Sell:302 #Hold:3675 #Stocks:7197.0 PV:381,444,521 Reward:1704869.718 Loss:1380.221 
[005930][Episode 75/100] Epsilon:0.1680 #Buy:571 #Sell:482 #Hold:3376 #Stocks:4259.0 PV:225,773,214 Reward:893756.150 Loss:265.447 
[005930][Episode 76/100] Epsilon:0.1610 #Buy:662 #Sell:605 #Hold:3162 #Stocks:1099.0 PV:291,235,767 Reward:1312747.681 Loss:2236.208 
[005930][Episode 77/100] Epsilon:0.1540 #Buy:920 #Sell:943 #Hold:2566 #Stocks:0 PV:48,733,887 Reward:-7248.999 Loss:6.323 
[005930][Episode 78/100] Epsilon:0.1470 #Buy:1087 #Sell:1119 #Hold:2223 #Stocks:0 PV:44,711,365 Reward:-29757.101 Loss:457.964 
[005930][Episode 79/100] Epsilon:0.1400 #Buy:397 #Sell:307 #Hold:3725 #Stocks:4537.0 PV:240,461,057 Reward:970246.321 Loss:371.976 
[005930][Episode 80/100] Epsilon:0.1330 #Buy:576 #Sell:451 #Hold:3402 #Stocks:6034.0 PV:319,802,555 Reward:1383753.121 Loss:748.163 
[005930][Episode 81/100] Epsilon:0.1260 #Buy:613 #Sell:491 #Hold:3325 #Stocks:5535.0 PV:293,368,176 Reward:1245790.208 Loss:865.133 
[005930][Episode 82/100] Epsilon:0.1190 #Buy:259 #Sell:113 #Hold:4057 #Stocks:7168.0 PV:379,947,822 Reward:1696872.381 Loss:226.108 
[005930][Episode 83/100] Epsilon:0.1120 #Buy:534 #Sell:407 #Hold:3488 #Stocks:6806.0 PV:396,395,758 Reward:1814922.654 Loss:2699.206 
[005930][Episode 84/100] Epsilon:0.1050 #Buy:1179 #Sell:1086 #Hold:2164 #Stocks:3876.0 PV:205,447,848 Reward:788795.829 Loss:694.607 
[005930][Episode 85/100] Epsilon:0.0980 #Buy:753 #Sell:651 #Hold:3025 #Stocks:4246.0 PV:225,038,131 Reward:889938.306 Loss:205.417 
[005930][Episode 86/100] Epsilon:0.0910 #Buy:384 #Sell:277 #Hold:3768 #Stocks:4798.0 PV:254,316,122 Reward:1042423.471 Loss:348.774 
[005930][Episode 87/100] Epsilon:0.0840 #Buy:408 #Sell:366 #Hold:3655 #Stocks:904.0 PV:342,390,570 Reward:1601698.588 Loss:5373.138 
[005930][Episode 88/100] Epsilon:0.0770 #Buy:423 #Sell:426 #Hold:3580 #Stocks:0.0 PV:48,950,986 Reward:-5919.549 Loss:1291.466 
[005930][Episode 89/100] Epsilon:0.0700 #Buy:523 #Sell:499 #Hold:3407 #Stocks:1002.0 PV:71,217,675 Reward:106314.458 Loss:213.596 
[005930][Episode 90/100] Epsilon:0.0630 #Buy:605 #Sell:538 #Hold:3286 #Stocks:3116.0 PV:165,162,967 Reward:578150.225 Loss:46.474 
[005930][Episode 91/100] Epsilon:0.0560 #Buy:317 #Sell:178 #Hold:3934 #Stocks:6920.0 PV:366,769,622 Reward:1628324.981 Loss:1734.809 
[005930][Episode 92/100] Epsilon:0.0490 #Buy:224 #Sell:22 #Hold:4183 #Stocks:10391.0 PV:550,723,759 Reward:2586740.969 Loss:718.519 
[005930][Episode 93/100] Epsilon:0.0420 #Buy:238 #Sell:83 #Hold:4108 #Stocks:9891.0 PV:524,231,426 Reward:2448662.064 Loss:2741.917 
[005930][Episode 94/100] Epsilon:0.0350 #Buy:429 #Sell:305 #Hold:3695 #Stocks:5857.0 PV:310,460,632 Reward:1334805.319 Loss:408.887 
[005930][Episode 95/100] Epsilon:0.0280 #Buy:299 #Sell:158 #Hold:3972 #Stocks:6913.0 PV:366,389,227 Reward:1626223.373 Loss:2104.058 
[005930][Episode 96/100] Epsilon:0.0210 #Buy:213 #Sell:23 #Hold:4193 #Stocks:10664.0 PV:565,215,252 Reward:2662276.191 Loss:851.325 
[005930][Episode 97/100] Epsilon:0.0140 #Buy:379 #Sell:261 #Hold:3789 #Stocks:6204.0 PV:328,831,061 Reward:1430407.396 Loss:88.064 
[005930][Episode 98/100] Epsilon:0.0070 #Buy:237 #Sell:101 #Hold:4091 #Stocks:6931.0 PV:367,349,887 Reward:1631198.580 Loss:747.026 
[005930][Episode 99/100] Epsilon:0.0001 #Buy:185 #Sell:0 #Hold:4244 #Stocks:10326.0 PV:547,278,061 Reward:2568781.784 Loss:837.844 
[005930] Max PV:565,215,252
EPISODES Finished. Model saved
